<?xml version="1.0" encoding="UTF-8"?>
<!-- Generated by org.testng.reporters.JUnitReportReporter -->
<testsuite hostname="vaio-VAIO" name="company.sameer.fbTests.Testa" tests="2" failures="0" timestamp="26 Mar 2018 08:13:30 GMT" time="0.037" errors="0">
  <testcase name="a1" time="0.005" classname="company.sameer.fbTests.Testa"/>
  <testcase name="a1" time="0.032" classname="company.sameer.fbTests.Testa"/>
</testsuite>
