<?xml version="1.0" encoding="UTF-8"?>
<!-- Generated by org.testng.reporters.JUnitReportReporter -->
<testsuite hostname="vaio-VAIO" name="company.sameer.dataProviderTest.DataProviderTest" tests="16" failures="0" timestamp="26 Mar 2018 07:15:51 GMT" time="0.113" errors="0">
  <testcase name="m1" time="0.003" classname="company.sameer.dataProviderTest.DataProviderTest"/>
  <testcase name="m1" time="0.008" classname="company.sameer.dataProviderTest.DataProviderTest"/>
  <testcase name="testMethod1" time="0.002" classname="company.sameer.dataProviderTest.DataProviderTest"/>
  <testcase name="m1" time="0.007" classname="company.sameer.dataProviderTest.DataProviderTest"/>
  <testcase name="m1" time="0.003" classname="company.sameer.dataProviderTest.DataProviderTest"/>
  <testcase name="testMethod2" time="0.002" classname="company.sameer.dataProviderTest.DataProviderTest"/>
  <testcase name="m1" time="0.002" classname="company.sameer.dataProviderTest.DataProviderTest"/>
  <testcase name="testMethod2" time="0.002" classname="company.sameer.dataProviderTest.DataProviderTest"/>
  <testcase name="m1" time="0.031" classname="company.sameer.dataProviderTest.DataProviderTest"/>
  <testcase name="testMethod1" time="0.003" classname="company.sameer.dataProviderTest.DataProviderTest"/>
  <testcase name="testMethod2" time="0.003" classname="company.sameer.dataProviderTest.DataProviderTest"/>
  <testcase name="testMethod1" time="0.009" classname="company.sameer.dataProviderTest.DataProviderTest"/>
  <testcase name="m1" time="0.002" classname="company.sameer.dataProviderTest.DataProviderTest"/>
  <testcase name="m1" time="0.002" classname="company.sameer.dataProviderTest.DataProviderTest"/>
  <testcase name="m1" time="0.002" classname="company.sameer.dataProviderTest.DataProviderTest"/>
  <testcase name="m1" time="0.032" classname="company.sameer.dataProviderTest.DataProviderTest"/>
</testsuite>
