<?xml version="1.0" encoding="UTF-8"?>
<!-- Generated by org.testng.reporters.JUnitReportReporter -->
<testsuite hostname="vaio-VAIO" name="company.sameer.testBases.TestBaby" tests="1" failures="0" timestamp="26 Mar 2018 07:00:37 GMT" time="0.025" errors="0">
  <testcase name="a" time="0.025" classname="company.sameer.testBases.TestBaby"/>
</testsuite>
