<?xml version="1.0" encoding="UTF-8"?>
<!-- Generated by org.testng.reporters.JUnitReportReporter -->
<testsuite hostname="vaio-VAIO" name="company.sameer.fbTests.Testa2" tests="2" failures="0" timestamp="26 Mar 2018 08:13:30 GMT" time="0.008" errors="0">
  <testcase name="a2" time="0.004" classname="company.sameer.fbTests.Testa2"/>
  <testcase name="a2" time="0.004" classname="company.sameer.fbTests.Testa2"/>
</testsuite>
